Analysis & Elaboration report for mips-project
Fri Nov 13 18:00:35 2020
Quartus Prime Version 20.1.0 Build 711 06/05/2020 SJ Lite Edition


---------------------
; Table of Contents ;
---------------------
  1. Legal Notice
  2. Analysis & Elaboration Summary
  3. Parallel Compilation
  4. Parameter Settings for User Entity Instance: Top-level Entity: |mips_project
  5. Parameter Settings for User Entity Instance: unidade_controle:unidade_controle
  6. Parameter Settings for User Entity Instance: fluxo_dados:FD
  7. Parameter Settings for User Entity Instance: fluxo_dados:FD|registrador_generico:PC
  8. Parameter Settings for User Entity Instance: fluxo_dados:FD|mux_generico_2x1:mux_prox_PC
  9. Parameter Settings for User Entity Instance: fluxo_dados:FD|soma_constante:somaQuatro
 10. Parameter Settings for User Entity Instance: fluxo_dados:FD|somador:soma_proxPC_imedShift2
 11. Parameter Settings for User Entity Instance: fluxo_dados:FD|extende_sinal:extende_imediato
 12. Parameter Settings for User Entity Instance: fluxo_dados:FD|mux_generico_2x1:mux_proxPC_soma_proxPCImedShift2
 13. Parameter Settings for User Entity Instance: fluxo_dados:FD|rom_mips:ROM
 14. Parameter Settings for User Entity Instance: fluxo_dados:FD|mux_generico_2x1:mux_rd_rt
 15. Parameter Settings for User Entity Instance: fluxo_dados:FD|banco_registradores:banco_registradores
 16. Parameter Settings for User Entity Instance: fluxo_dados:FD|mux_generico_2x1:mux_saidaRegB_imedExt
 17. Parameter Settings for User Entity Instance: fluxo_dados:FD|unidade_controle_ula:uc_ula
 18. Parameter Settings for User Entity Instance: fluxo_dados:FD|ula:ula
 19. Parameter Settings for User Entity Instance: fluxo_dados:FD|ula:ula|mux_generico_2x1:mux_b_not_b
 20. Parameter Settings for User Entity Instance: fluxo_dados:FD|ula:ula|add_32:zupper_adder
 21. Parameter Settings for User Entity Instance: fluxo_dados:FD|ula:ula|mux_4x1:mux_ula
 22. Parameter Settings for User Entity Instance: fluxo_dados:FD|ram_mips:ram
 23. Parameter Settings for User Entity Instance: fluxo_dados:FD|mux_generico_2x1:mux_saidaULA_RAM
 24. Analysis & Elaboration Settings
 25. Port Connectivity Checks: "fluxo_dados:FD|ula:ula|mux_4x1:mux_ula"
 26. Port Connectivity Checks: "fluxo_dados:FD|somador:soma_proxPC_imedShift2"
 27. Port Connectivity Checks: "fluxo_dados:FD|mux_generico_2x1:mux_prox_PC"
 28. Port Connectivity Checks: "fluxo_dados:FD|registrador_generico:PC"
 29. Analysis & Elaboration Messages



----------------
; Legal Notice ;
----------------
Copyright (C) 2020  Intel Corporation. All rights reserved.
Your use of Intel Corporation's design tools, logic functions 
and other software and tools, and any partner logic 
functions, and any output files from any of the foregoing 
(including device programming or simulation files), and any 
associated documentation or information are expressly subject 
to the terms and conditions of the Intel Program License 
Subscription Agreement, the Intel Quartus Prime License Agreement,
the Intel FPGA IP License Agreement, or other applicable license
agreement, including, without limitation, that your use is for
the sole purpose of programming logic devices manufactured by
Intel and sold by Intel or its authorized distributors.  Please
refer to the applicable agreement for further details, at
https://fpgasoftware.intel.com/eula.



+-----------------------------------------------------------------------------+
; Analysis & Elaboration Summary                                              ;
+-------------------------------+---------------------------------------------+
; Analysis & Elaboration Status ; Successful - Fri Nov 13 18:00:35 2020       ;
; Quartus Prime Version         ; 20.1.0 Build 711 06/05/2020 SJ Lite Edition ;
; Revision Name                 ; mips-project                                ;
; Top-level Entity Name         ; mips_project                                ;
; Family                        ; Cyclone V                                   ;
; Logic utilization (in ALMs)   ; N/A until Partition Merge                   ;
; Total registers               ; N/A until Partition Merge                   ;
; Total pins                    ; N/A until Partition Merge                   ;
; Total virtual pins            ; N/A until Partition Merge                   ;
; Total block memory bits       ; N/A until Partition Merge                   ;
; Total PLLs                    ; N/A until Partition Merge                   ;
; Total DLLs                    ; N/A until Partition Merge                   ;
+-------------------------------+---------------------------------------------+


+------------------------------------------+
; Parallel Compilation                     ;
+----------------------------+-------------+
; Processors                 ; Number      ;
+----------------------------+-------------+
; Number detected on machine ; 8           ;
; Maximum allowed            ; 8           ;
;                            ;             ;
; Average used               ; 1.00        ;
; Maximum used               ; 1           ;
;                            ;             ;
; Usage by Processor         ; % Time Used ;
;     Processor 1            ; 100.0%      ;
+----------------------------+-------------+


+------------------------------------------------------------------------------+
; Parameter Settings for User Entity Instance: Top-level Entity: |mips_project ;
+------------------------+-------+---------------------------------------------+
; Parameter Name         ; Value ; Type                                        ;
+------------------------+-------+---------------------------------------------+
; DATA_WIDTH             ; 32    ; Signed Integer                              ;
; ADDR_WIDTH             ; 32    ; Signed Integer                              ;
; TOTAL_WIDTH            ; 32    ; Signed Integer                              ;
; PALAVRA_CONTROLE_WIDTH ; 10    ; Signed Integer                              ;
; FUNCT_WIDTH            ; 6     ; Signed Integer                              ;
; ULA_OP_WIDTH           ; 2     ; Signed Integer                              ;
; SELETOR_ULA_WIDTH      ; 3     ; Signed Integer                              ;
+------------------------+-------+---------------------------------------------+
Note: In order to hide this table in the UI and the text report file, please set the "Show Parameter Settings in Synthesis Report" option in "Analysis and Synthesis Settings -> More Settings" to "Off".


+--------------------------------------------------------------------------------+
; Parameter Settings for User Entity Instance: unidade_controle:unidade_controle ;
+------------------------+-------+-----------------------------------------------+
; Parameter Name         ; Value ; Type                                          ;
+------------------------+-------+-----------------------------------------------+
; palavra_controle_width ; 10    ; Signed Integer                                ;
; ula_op_width           ; 2     ; Signed Integer                                ;
+------------------------+-------+-----------------------------------------------+
Note: In order to hide this table in the UI and the text report file, please set the "Show Parameter Settings in Synthesis Report" option in "Analysis and Synthesis Settings -> More Settings" to "Off".


+-------------------------------------------------------------+
; Parameter Settings for User Entity Instance: fluxo_dados:FD ;
+------------------------+-------+----------------------------+
; Parameter Name         ; Value ; Type                       ;
+------------------------+-------+----------------------------+
; data_width             ; 32    ; Signed Integer             ;
; addr_width             ; 32    ; Signed Integer             ;
; total_width            ; 32    ; Signed Integer             ;
; reg_width              ; 5     ; Signed Integer             ;
; palavra_controle_width ; 10    ; Signed Integer             ;
; imediato_width         ; 16    ; Signed Integer             ;
; funct_width            ; 6     ; Signed Integer             ;
; ula_op_width           ; 2     ; Signed Integer             ;
; seletor_ula_width      ; 3     ; Signed Integer             ;
+------------------------+-------+----------------------------+
Note: In order to hide this table in the UI and the text report file, please set the "Show Parameter Settings in Synthesis Report" option in "Analysis and Synthesis Settings -> More Settings" to "Off".


+-------------------------------------------------------------------------------------+
; Parameter Settings for User Entity Instance: fluxo_dados:FD|registrador_generico:PC ;
+----------------+-------+------------------------------------------------------------+
; Parameter Name ; Value ; Type                                                       ;
+----------------+-------+------------------------------------------------------------+
; larguradados   ; 32    ; Signed Integer                                             ;
+----------------+-------+------------------------------------------------------------+
Note: In order to hide this table in the UI and the text report file, please set the "Show Parameter Settings in Synthesis Report" option in "Analysis and Synthesis Settings -> More Settings" to "Off".


+------------------------------------------------------------------------------------------+
; Parameter Settings for User Entity Instance: fluxo_dados:FD|mux_generico_2x1:mux_prox_PC ;
+----------------+-------+-----------------------------------------------------------------+
; Parameter Name ; Value ; Type                                                            ;
+----------------+-------+-----------------------------------------------------------------+
; larguradados   ; 32    ; Signed Integer                                                  ;
+----------------+-------+-----------------------------------------------------------------+
Note: In order to hide this table in the UI and the text report file, please set the "Show Parameter Settings in Synthesis Report" option in "Analysis and Synthesis Settings -> More Settings" to "Off".


+---------------------------------------------------------------------------------------+
; Parameter Settings for User Entity Instance: fluxo_dados:FD|soma_constante:somaQuatro ;
+----------------+-------+--------------------------------------------------------------+
; Parameter Name ; Value ; Type                                                         ;
+----------------+-------+--------------------------------------------------------------+
; larguradados   ; 32    ; Signed Integer                                               ;
; constante      ; 4     ; Signed Integer                                               ;
+----------------+-------+--------------------------------------------------------------+
Note: In order to hide this table in the UI and the text report file, please set the "Show Parameter Settings in Synthesis Report" option in "Analysis and Synthesis Settings -> More Settings" to "Off".


+--------------------------------------------------------------------------------------------+
; Parameter Settings for User Entity Instance: fluxo_dados:FD|somador:soma_proxPC_imedShift2 ;
+----------------+-------+-------------------------------------------------------------------+
; Parameter Name ; Value ; Type                                                              ;
+----------------+-------+-------------------------------------------------------------------+
; larguradados   ; 32    ; Signed Integer                                                    ;
+----------------+-------+-------------------------------------------------------------------+
Note: In order to hide this table in the UI and the text report file, please set the "Show Parameter Settings in Synthesis Report" option in "Analysis and Synthesis Settings -> More Settings" to "Off".


+--------------------------------------------------------------------------------------------+
; Parameter Settings for User Entity Instance: fluxo_dados:FD|extende_sinal:extende_imediato ;
+--------------------+-------+---------------------------------------------------------------+
; Parameter Name     ; Value ; Type                                                          ;
+--------------------+-------+---------------------------------------------------------------+
; larguradadoentrada ; 16    ; Signed Integer                                                ;
; larguradadosaida   ; 32    ; Signed Integer                                                ;
+--------------------+-------+---------------------------------------------------------------+
Note: In order to hide this table in the UI and the text report file, please set the "Show Parameter Settings in Synthesis Report" option in "Analysis and Synthesis Settings -> More Settings" to "Off".


+---------------------------------------------------------------------------------------------------------------+
; Parameter Settings for User Entity Instance: fluxo_dados:FD|mux_generico_2x1:mux_proxPC_soma_proxPCImedShift2 ;
+----------------+-------+--------------------------------------------------------------------------------------+
; Parameter Name ; Value ; Type                                                                                 ;
+----------------+-------+--------------------------------------------------------------------------------------+
; larguradados   ; 32    ; Signed Integer                                                                       ;
+----------------+-------+--------------------------------------------------------------------------------------+
Note: In order to hide this table in the UI and the text report file, please set the "Show Parameter Settings in Synthesis Report" option in "Analysis and Synthesis Settings -> More Settings" to "Off".


+--------------------------------------------------------------------------+
; Parameter Settings for User Entity Instance: fluxo_dados:FD|rom_mips:ROM ;
+-----------------+-------+------------------------------------------------+
; Parameter Name  ; Value ; Type                                           ;
+-----------------+-------+------------------------------------------------+
; datawidth       ; 32    ; Signed Integer                                 ;
; addrwidth       ; 32    ; Signed Integer                                 ;
; memoryaddrwidth ; 6     ; Signed Integer                                 ;
+-----------------+-------+------------------------------------------------+
Note: In order to hide this table in the UI and the text report file, please set the "Show Parameter Settings in Synthesis Report" option in "Analysis and Synthesis Settings -> More Settings" to "Off".


+----------------------------------------------------------------------------------------+
; Parameter Settings for User Entity Instance: fluxo_dados:FD|mux_generico_2x1:mux_rd_rt ;
+----------------+-------+---------------------------------------------------------------+
; Parameter Name ; Value ; Type                                                          ;
+----------------+-------+---------------------------------------------------------------+
; larguradados   ; 5     ; Signed Integer                                                ;
+----------------+-------+---------------------------------------------------------------+
Note: In order to hide this table in the UI and the text report file, please set the "Show Parameter Settings in Synthesis Report" option in "Analysis and Synthesis Settings -> More Settings" to "Off".


+-----------------------------------------------------------------------------------------------------+
; Parameter Settings for User Entity Instance: fluxo_dados:FD|banco_registradores:banco_registradores ;
+---------------------+-------+-----------------------------------------------------------------------+
; Parameter Name      ; Value ; Type                                                                  ;
+---------------------+-------+-----------------------------------------------------------------------+
; larguradados        ; 32    ; Signed Integer                                                        ;
; larguraendbancoregs ; 5     ; Signed Integer                                                        ;
+---------------------+-------+-----------------------------------------------------------------------+
Note: In order to hide this table in the UI and the text report file, please set the "Show Parameter Settings in Synthesis Report" option in "Analysis and Synthesis Settings -> More Settings" to "Off".


+----------------------------------------------------------------------------------------------------+
; Parameter Settings for User Entity Instance: fluxo_dados:FD|mux_generico_2x1:mux_saidaRegB_imedExt ;
+----------------+-------+---------------------------------------------------------------------------+
; Parameter Name ; Value ; Type                                                                      ;
+----------------+-------+---------------------------------------------------------------------------+
; larguradados   ; 32    ; Signed Integer                                                            ;
+----------------+-------+---------------------------------------------------------------------------+
Note: In order to hide this table in the UI and the text report file, please set the "Show Parameter Settings in Synthesis Report" option in "Analysis and Synthesis Settings -> More Settings" to "Off".


+-----------------------------------------------------------------------------------------+
; Parameter Settings for User Entity Instance: fluxo_dados:FD|unidade_controle_ula:uc_ula ;
+-------------------+-------+-------------------------------------------------------------+
; Parameter Name    ; Value ; Type                                                        ;
+-------------------+-------+-------------------------------------------------------------+
; funct_width       ; 6     ; Signed Integer                                              ;
; ula_op_width      ; 2     ; Signed Integer                                              ;
; seletor_ula_width ; 3     ; Signed Integer                                              ;
+-------------------+-------+-------------------------------------------------------------+
Note: In order to hide this table in the UI and the text report file, please set the "Show Parameter Settings in Synthesis Report" option in "Analysis and Synthesis Settings -> More Settings" to "Off".


+---------------------------------------------------------------------+
; Parameter Settings for User Entity Instance: fluxo_dados:FD|ula:ula ;
+----------------+-------+--------------------------------------------+
; Parameter Name ; Value ; Type                                       ;
+----------------+-------+--------------------------------------------+
; larguradados   ; 32    ; Signed Integer                             ;
+----------------+-------+--------------------------------------------+
Note: In order to hide this table in the UI and the text report file, please set the "Show Parameter Settings in Synthesis Report" option in "Analysis and Synthesis Settings -> More Settings" to "Off".


+--------------------------------------------------------------------------------------------------+
; Parameter Settings for User Entity Instance: fluxo_dados:FD|ula:ula|mux_generico_2x1:mux_b_not_b ;
+----------------+-------+-------------------------------------------------------------------------+
; Parameter Name ; Value ; Type                                                                    ;
+----------------+-------+-------------------------------------------------------------------------+
; larguradados   ; 32    ; Signed Integer                                                          ;
+----------------+-------+-------------------------------------------------------------------------+
Note: In order to hide this table in the UI and the text report file, please set the "Show Parameter Settings in Synthesis Report" option in "Analysis and Synthesis Settings -> More Settings" to "Off".


+-----------------------------------------------------------------------------------------+
; Parameter Settings for User Entity Instance: fluxo_dados:FD|ula:ula|add_32:zupper_adder ;
+----------------+-------+----------------------------------------------------------------+
; Parameter Name ; Value ; Type                                                           ;
+----------------+-------+----------------------------------------------------------------+
; data_width     ; 32    ; Signed Integer                                                 ;
+----------------+-------+----------------------------------------------------------------+
Note: In order to hide this table in the UI and the text report file, please set the "Show Parameter Settings in Synthesis Report" option in "Analysis and Synthesis Settings -> More Settings" to "Off".


+-------------------------------------------------------------------------------------+
; Parameter Settings for User Entity Instance: fluxo_dados:FD|ula:ula|mux_4x1:mux_ula ;
+----------------+-------+------------------------------------------------------------+
; Parameter Name ; Value ; Type                                                       ;
+----------------+-------+------------------------------------------------------------+
; data_width     ; 32    ; Signed Integer                                             ;
+----------------+-------+------------------------------------------------------------+
Note: In order to hide this table in the UI and the text report file, please set the "Show Parameter Settings in Synthesis Report" option in "Analysis and Synthesis Settings -> More Settings" to "Off".


+--------------------------------------------------------------------------+
; Parameter Settings for User Entity Instance: fluxo_dados:FD|ram_mips:ram ;
+-----------------+-------+------------------------------------------------+
; Parameter Name  ; Value ; Type                                           ;
+-----------------+-------+------------------------------------------------+
; datawidth       ; 32    ; Signed Integer                                 ;
; addrwidth       ; 32    ; Signed Integer                                 ;
; memoryaddrwidth ; 6     ; Signed Integer                                 ;
+-----------------+-------+------------------------------------------------+
Note: In order to hide this table in the UI and the text report file, please set the "Show Parameter Settings in Synthesis Report" option in "Analysis and Synthesis Settings -> More Settings" to "Off".


+-----------------------------------------------------------------------------------------------+
; Parameter Settings for User Entity Instance: fluxo_dados:FD|mux_generico_2x1:mux_saidaULA_RAM ;
+----------------+-------+----------------------------------------------------------------------+
; Parameter Name ; Value ; Type                                                                 ;
+----------------+-------+----------------------------------------------------------------------+
; larguradados   ; 32    ; Signed Integer                                                       ;
+----------------+-------+----------------------------------------------------------------------+
Note: In order to hide this table in the UI and the text report file, please set the "Show Parameter Settings in Synthesis Report" option in "Analysis and Synthesis Settings -> More Settings" to "Off".


+---------------------------------------------------------------------------------------------------------------------------+
; Analysis & Elaboration Settings                                                                                           ;
+---------------------------------------------------------------------------------+--------------------+--------------------+
; Option                                                                          ; Setting            ; Default Value      ;
+---------------------------------------------------------------------------------+--------------------+--------------------+
; Device                                                                          ; 5CGXFC7C7F23C8     ;                    ;
; Top-level entity name                                                           ; mips_project       ; mips-project       ;
; Family name                                                                     ; Cyclone V          ; Cyclone V          ;
; VHDL Show LMF Mapping Messages                                                  ; Off                ;                    ;
; VHDL Version                                                                    ; VHDL_2008          ; VHDL_1993          ;
; Use smart compilation                                                           ; Off                ; Off                ;
; Enable parallel Assembler and Timing Analyzer during compilation                ; On                 ; On                 ;
; Enable compact report table                                                     ; Off                ; Off                ;
; Restructure Multiplexers                                                        ; Auto               ; Auto               ;
; MLAB Add Timing Constraints For Mixed-Port Feed-Through Mode Setting Don't Care ; Off                ; Off                ;
; Create Debugging Nodes for IP Cores                                             ; Off                ; Off                ;
; Preserve fewer node names                                                       ; On                 ; On                 ;
; Intel FPGA IP Evaluation Mode                                                   ; Enable             ; Enable             ;
; Verilog Version                                                                 ; Verilog_2001       ; Verilog_2001       ;
; State Machine Processing                                                        ; Auto               ; Auto               ;
; Safe State Machine                                                              ; Off                ; Off                ;
; Extract Verilog State Machines                                                  ; On                 ; On                 ;
; Extract VHDL State Machines                                                     ; On                 ; On                 ;
; Ignore Verilog initial constructs                                               ; Off                ; Off                ;
; Iteration limit for constant Verilog loops                                      ; 5000               ; 5000               ;
; Iteration limit for non-constant Verilog loops                                  ; 250                ; 250                ;
; Add Pass-Through Logic to Inferred RAMs                                         ; On                 ; On                 ;
; Infer RAMs from Raw Logic                                                       ; On                 ; On                 ;
; Parallel Synthesis                                                              ; On                 ; On                 ;
; DSP Block Balancing                                                             ; Auto               ; Auto               ;
; NOT Gate Push-Back                                                              ; On                 ; On                 ;
; Power-Up Don't Care                                                             ; On                 ; On                 ;
; Remove Redundant Logic Cells                                                    ; Off                ; Off                ;
; Remove Duplicate Registers                                                      ; On                 ; On                 ;
; Ignore CARRY Buffers                                                            ; Off                ; Off                ;
; Ignore CASCADE Buffers                                                          ; Off                ; Off                ;
; Ignore GLOBAL Buffers                                                           ; Off                ; Off                ;
; Ignore ROW GLOBAL Buffers                                                       ; Off                ; Off                ;
; Ignore LCELL Buffers                                                            ; Off                ; Off                ;
; Ignore SOFT Buffers                                                             ; On                 ; On                 ;
; Limit AHDL Integers to 32 Bits                                                  ; Off                ; Off                ;
; Optimization Technique                                                          ; Balanced           ; Balanced           ;
; Carry Chain Length                                                              ; 70                 ; 70                 ;
; Auto Carry Chains                                                               ; On                 ; On                 ;
; Auto Open-Drain Pins                                                            ; On                 ; On                 ;
; Perform WYSIWYG Primitive Resynthesis                                           ; Off                ; Off                ;
; Auto ROM Replacement                                                            ; On                 ; On                 ;
; Auto RAM Replacement                                                            ; On                 ; On                 ;
; Auto DSP Block Replacement                                                      ; On                 ; On                 ;
; Auto Shift Register Replacement                                                 ; Auto               ; Auto               ;
; Allow Shift Register Merging across Hierarchies                                 ; Auto               ; Auto               ;
; Auto Clock Enable Replacement                                                   ; On                 ; On                 ;
; Strict RAM Replacement                                                          ; Off                ; Off                ;
; Allow Synchronous Control Signals                                               ; On                 ; On                 ;
; Force Use of Synchronous Clear Signals                                          ; Off                ; Off                ;
; Auto Resource Sharing                                                           ; Off                ; Off                ;
; Allow Any RAM Size For Recognition                                              ; Off                ; Off                ;
; Allow Any ROM Size For Recognition                                              ; Off                ; Off                ;
; Allow Any Shift Register Size For Recognition                                   ; Off                ; Off                ;
; Use LogicLock Constraints during Resource Balancing                             ; On                 ; On                 ;
; Ignore translate_off and synthesis_off directives                               ; Off                ; Off                ;
; Timing-Driven Synthesis                                                         ; On                 ; On                 ;
; Report Parameter Settings                                                       ; On                 ; On                 ;
; Report Source Assignments                                                       ; On                 ; On                 ;
; Report Connectivity Checks                                                      ; On                 ; On                 ;
; Ignore Maximum Fan-Out Assignments                                              ; Off                ; Off                ;
; Synchronization Register Chain Length                                           ; 3                  ; 3                  ;
; Power Optimization During Synthesis                                             ; Normal compilation ; Normal compilation ;
; HDL message level                                                               ; Level2             ; Level2             ;
; Suppress Register Optimization Related Messages                                 ; Off                ; Off                ;
; Number of Removed Registers Reported in Synthesis Report                        ; 5000               ; 5000               ;
; Number of Swept Nodes Reported in Synthesis Report                              ; 5000               ; 5000               ;
; Number of Inverted Registers Reported in Synthesis Report                       ; 100                ; 100                ;
; Clock MUX Protection                                                            ; On                 ; On                 ;
; Auto Gated Clock Conversion                                                     ; Off                ; Off                ;
; Block Design Naming                                                             ; Auto               ; Auto               ;
; SDC constraint protection                                                       ; Off                ; Off                ;
; Synthesis Effort                                                                ; Auto               ; Auto               ;
; Shift Register Replacement - Allow Asynchronous Clear Signal                    ; On                 ; On                 ;
; Pre-Mapping Resynthesis Optimization                                            ; Off                ; Off                ;
; Analysis & Synthesis Message Level                                              ; Medium             ; Medium             ;
; Disable Register Merging Across Hierarchies                                     ; Auto               ; Auto               ;
; Resource Aware Inference For Block RAM                                          ; On                 ; On                 ;
; Automatic Parallel Synthesis                                                    ; On                 ; On                 ;
; Partial Reconfiguration Bitstream ID                                            ; Off                ; Off                ;
+---------------------------------------------------------------------------------+--------------------+--------------------+


+--------------------------------------------------------------------+
; Port Connectivity Checks: "fluxo_dados:FD|ula:ula|mux_4x1:mux_ula" ;
+-----------------+-------+----------+-------------------------------+
; Port            ; Type  ; Severity ; Details                       ;
+-----------------+-------+----------+-------------------------------+
; entradad[31..1] ; Input ; Info     ; Stuck at GND                  ;
+-----------------+-------+----------+-------------------------------+


+---------------------------------------------------------------------------+
; Port Connectivity Checks: "fluxo_dados:FD|somador:soma_proxPC_imedShift2" ;
+----------------+-------+----------+---------------------------------------+
; Port           ; Type  ; Severity ; Details                               ;
+----------------+-------+----------+---------------------------------------+
; entradab[1..0] ; Input ; Info     ; Stuck at GND                          ;
+----------------+-------+----------+---------------------------------------+


+-------------------------------------------------------------------------+
; Port Connectivity Checks: "fluxo_dados:FD|mux_generico_2x1:mux_prox_PC" ;
+--------------------+-------+----------+---------------------------------+
; Port               ; Type  ; Severity ; Details                         ;
+--------------------+-------+----------+---------------------------------+
; entradab_mux[1..0] ; Input ; Info     ; Stuck at GND                    ;
+--------------------+-------+----------+---------------------------------+


+--------------------------------------------------------------------+
; Port Connectivity Checks: "fluxo_dados:FD|registrador_generico:PC" ;
+--------+-------+----------+----------------------------------------+
; Port   ; Type  ; Severity ; Details                                ;
+--------+-------+----------+----------------------------------------+
; enable ; Input ; Info     ; Stuck at VCC                           ;
; rst    ; Input ; Info     ; Stuck at GND                           ;
+--------+-------+----------+----------------------------------------+


+---------------------------------+
; Analysis & Elaboration Messages ;
+---------------------------------+
Info: *******************************************************************
Info: Running Quartus Prime Analysis & Elaboration
    Info: Version 20.1.0 Build 711 06/05/2020 SJ Lite Edition
    Info: Processing started: Fri Nov 13 18:00:27 2020
Info: Command: quartus_map --read_settings_files=on --write_settings_files=off mips-project -c mips-project --analysis_and_elaboration
Warning (18236): Number of processors has not been specified which may cause overloading on shared machines.  Set the global assignment NUM_PARALLEL_PROCESSORS in your QSF to an appropriate value for best performance.
Info (20030): Parallel compilation is enabled and will use 8 of the 8 processors detected
Info (12021): Found 2 design units, including 1 entities, in source file add_32.vhd
    Info (12022): Found design unit 1: add_32-main File: /home/gabrielzezze/Desktop/mips-project/vhdl/add_32.vhd Line: 20
    Info (12023): Found entity 1: add_32 File: /home/gabrielzezze/Desktop/mips-project/vhdl/add_32.vhd Line: 4
Info (12021): Found 2 design units, including 1 entities, in source file mux_4x1.vhd
    Info (12022): Found design unit 1: mux_4x1-main File: /home/gabrielzezze/Desktop/mips-project/vhdl/mux_4x1.vhd Line: 18
    Info (12023): Found entity 1: mux_4x1 File: /home/gabrielzezze/Desktop/mips-project/vhdl/mux_4x1.vhd Line: 4
Info (12021): Found 2 design units, including 1 entities, in source file full_adder.vhd
    Info (12022): Found design unit 1: full_adder-main File: /home/gabrielzezze/Desktop/mips-project/vhdl/full_adder.vhd Line: 11
    Info (12023): Found entity 1: full_adder File: /home/gabrielzezze/Desktop/mips-project/vhdl/full_adder.vhd Line: 4
Info (12021): Found 2 design units, including 1 entities, in source file unidade_controle_ula.vhd
    Info (12022): Found design unit 1: unidade_controle_ula-main File: /home/gabrielzezze/Desktop/mips-project/vhdl/unidade_controle_ula.vhd Line: 23
    Info (12023): Found entity 1: unidade_controle_ula File: /home/gabrielzezze/Desktop/mips-project/vhdl/unidade_controle_ula.vhd Line: 5
Info (12021): Found 2 design units, including 1 entities, in source file ram_mips.vhdl
    Info (12022): Found design unit 1: ram_mips-assincrona File: /home/gabrielzezze/Desktop/mips-project/vhdl/ram_mips.vhdl Line: 18
    Info (12023): Found entity 1: ram_mips File: /home/gabrielzezze/Desktop/mips-project/vhdl/ram_mips.vhdl Line: 5
Info (12021): Found 2 design units, including 1 entities, in source file extende_sinal.vhd
    Info (12022): Found design unit 1: extende_sinal-comportamento File: /home/gabrielzezze/Desktop/mips-project/vhdl/extende_sinal.vhd Line: 19
    Info (12023): Found entity 1: extende_sinal File: /home/gabrielzezze/Desktop/mips-project/vhdl/extende_sinal.vhd Line: 4
Info (12021): Found 2 design units, including 1 entities, in source file somador.vhd
    Info (12022): Found design unit 1: somador-comportamento File: /home/gabrielzezze/Desktop/mips-project/vhdl/somador.vhd Line: 17
    Info (12023): Found entity 1: somador File: /home/gabrielzezze/Desktop/mips-project/vhdl/somador.vhd Line: 5
Info (12021): Found 2 design units, including 1 entities, in source file mips_project.vhd
    Info (12022): Found design unit 1: mips_project-main File: /home/gabrielzezze/Desktop/mips-project/vhdl/mips_project.vhd Line: 51
    Info (12023): Found entity 1: mips_project File: /home/gabrielzezze/Desktop/mips-project/vhdl/mips_project.vhd Line: 5
Info (12021): Found 2 design units, including 1 entities, in source file soma_constante.vhd
    Info (12022): Found design unit 1: soma_constante-comportamento File: /home/gabrielzezze/Desktop/mips-project/vhdl/soma_constante.vhd Line: 18
    Info (12023): Found entity 1: soma_constante File: /home/gabrielzezze/Desktop/mips-project/vhdl/soma_constante.vhd Line: 5
Info (12021): Found 2 design units, including 1 entities, in source file registrador_generico.vhd
    Info (12022): Found design unit 1: registrador_generico-comportamento File: /home/gabrielzezze/Desktop/mips-project/vhdl/registrador_generico.vhd Line: 18
    Info (12023): Found entity 1: registrador_generico File: /home/gabrielzezze/Desktop/mips-project/vhdl/registrador_generico.vhd Line: 4
Info (12021): Found 2 design units, including 1 entities, in source file rom_mips.vhd
    Info (12022): Found design unit 1: rom_mips-assincrona File: /home/gabrielzezze/Desktop/mips-project/vhdl/rom_mips.vhd Line: 20
    Info (12023): Found entity 1: rom_mips File: /home/gabrielzezze/Desktop/mips-project/vhdl/rom_mips.vhd Line: 5
Info (12021): Found 2 design units, including 1 entities, in source file banco_registradores.vhd
    Info (12022): Found design unit 1: banco_registradores-comportamento File: /home/gabrielzezze/Desktop/mips-project/vhdl/banco_registradores.vhd Line: 28
    Info (12023): Found entity 1: banco_registradores File: /home/gabrielzezze/Desktop/mips-project/vhdl/banco_registradores.vhd Line: 7
Info (12021): Found 2 design units, including 1 entities, in source file mux_generico_2x1.vhd
    Info (12022): Found design unit 1: mux_generico_2x1-comportamento File: /home/gabrielzezze/Desktop/mips-project/vhdl/mux_generico_2x1.vhd Line: 15
    Info (12023): Found entity 1: mux_generico_2x1 File: /home/gabrielzezze/Desktop/mips-project/vhdl/mux_generico_2x1.vhd Line: 4
Info (12021): Found 2 design units, including 1 entities, in source file flip_flop.vhd
    Info (12022): Found design unit 1: flip_flop-comportamento File: /home/gabrielzezze/Desktop/mips-project/vhdl/flip_flop.vhd Line: 12
    Info (12023): Found entity 1: flip_flop File: /home/gabrielzezze/Desktop/mips-project/vhdl/flip_flop.vhd Line: 4
Info (12021): Found 2 design units, including 1 entities, in source file unidade_controle.vhd
    Info (12022): Found design unit 1: unidade_controle-main File: /home/gabrielzezze/Desktop/mips-project/vhdl/unidade_controle.vhd Line: 31
    Info (12023): Found entity 1: unidade_controle File: /home/gabrielzezze/Desktop/mips-project/vhdl/unidade_controle.vhd Line: 5
Info (12021): Found 2 design units, including 1 entities, in source file ula.vhd
    Info (12022): Found design unit 1: ula-comportamento File: /home/gabrielzezze/Desktop/mips-project/vhdl/ula.vhd Line: 22
    Info (12023): Found entity 1: ula File: /home/gabrielzezze/Desktop/mips-project/vhdl/ula.vhd Line: 5
Info (12021): Found 2 design units, including 1 entities, in source file fluxo_dados.vhd
    Info (12022): Found design unit 1: fluxo_dados-main File: /home/gabrielzezze/Desktop/mips-project/vhdl/fluxo_dados.vhd Line: 33
    Info (12023): Found entity 1: fluxo_dados File: /home/gabrielzezze/Desktop/mips-project/vhdl/fluxo_dados.vhd Line: 5
Info (12127): Elaborating entity "mips_project" for the top level hierarchy
Info (12128): Elaborating entity "unidade_controle" for hierarchy "unidade_controle:unidade_controle" File: /home/gabrielzezze/Desktop/mips-project/vhdl/mips_project.vhd Line: 64
Info (12128): Elaborating entity "fluxo_dados" for hierarchy "fluxo_dados:FD" File: /home/gabrielzezze/Desktop/mips-project/vhdl/mips_project.vhd Line: 77
Info (12128): Elaborating entity "registrador_generico" for hierarchy "fluxo_dados:FD|registrador_generico:PC" File: /home/gabrielzezze/Desktop/mips-project/vhdl/fluxo_dados.vhd Line: 77
Info (12128): Elaborating entity "mux_generico_2x1" for hierarchy "fluxo_dados:FD|mux_generico_2x1:mux_prox_PC" File: /home/gabrielzezze/Desktop/mips-project/vhdl/fluxo_dados.vhd Line: 89
Info (12128): Elaborating entity "soma_constante" for hierarchy "fluxo_dados:FD|soma_constante:somaQuatro" File: /home/gabrielzezze/Desktop/mips-project/vhdl/fluxo_dados.vhd Line: 100
Info (12128): Elaborating entity "somador" for hierarchy "fluxo_dados:FD|somador:soma_proxPC_imedShift2" File: /home/gabrielzezze/Desktop/mips-project/vhdl/fluxo_dados.vhd Line: 110
Info (12128): Elaborating entity "extende_sinal" for hierarchy "fluxo_dados:FD|extende_sinal:extende_imediato" File: /home/gabrielzezze/Desktop/mips-project/vhdl/fluxo_dados.vhd Line: 120
Info (12128): Elaborating entity "rom_mips" for hierarchy "fluxo_dados:FD|rom_mips:ROM" File: /home/gabrielzezze/Desktop/mips-project/vhdl/fluxo_dados.vhd Line: 141
Warning (10541): VHDL Signal Declaration warning at rom_mips.vhd(24): used implicit default value for signal "memROM" because signal was never assigned a value or an explicit default value. Use of implicit default value may introduce unintended design optimizations. File: /home/gabrielzezze/Desktop/mips-project/vhdl/rom_mips.vhd Line: 24
Info (12128): Elaborating entity "mux_generico_2x1" for hierarchy "fluxo_dados:FD|mux_generico_2x1:mux_rd_rt" File: /home/gabrielzezze/Desktop/mips-project/vhdl/fluxo_dados.vhd Line: 153
Info (12128): Elaborating entity "banco_registradores" for hierarchy "fluxo_dados:FD|banco_registradores:banco_registradores" File: /home/gabrielzezze/Desktop/mips-project/vhdl/fluxo_dados.vhd Line: 164
Info (12128): Elaborating entity "unidade_controle_ula" for hierarchy "fluxo_dados:FD|unidade_controle_ula:uc_ula" File: /home/gabrielzezze/Desktop/mips-project/vhdl/fluxo_dados.vhd Line: 192
Info (12128): Elaborating entity "ula" for hierarchy "fluxo_dados:FD|ula:ula" File: /home/gabrielzezze/Desktop/mips-project/vhdl/fluxo_dados.vhd Line: 204
Info (12128): Elaborating entity "add_32" for hierarchy "fluxo_dados:FD|ula:ula|add_32:zupper_adder" File: /home/gabrielzezze/Desktop/mips-project/vhdl/ula.vhd Line: 49
Info (12128): Elaborating entity "full_adder" for hierarchy "fluxo_dados:FD|ula:ula|add_32:zupper_adder|full_adder:somaBit0" File: /home/gabrielzezze/Desktop/mips-project/vhdl/add_32.vhd Line: 24
Info (12128): Elaborating entity "mux_4x1" for hierarchy "fluxo_dados:FD|ula:ula|mux_4x1:mux_ula" File: /home/gabrielzezze/Desktop/mips-project/vhdl/ula.vhd Line: 61
Info (12128): Elaborating entity "ram_mips" for hierarchy "fluxo_dados:FD|ram_mips:ram" File: /home/gabrielzezze/Desktop/mips-project/vhdl/fluxo_dados.vhd Line: 216
Info: Quartus Prime Analysis & Elaboration was successful. 0 errors, 2 warnings
    Info: Peak virtual memory: 835 megabytes
    Info: Processing ended: Fri Nov 13 18:00:35 2020
    Info: Elapsed time: 00:00:08
    Info: Total CPU time (on all processors): 00:00:22


