Analysis & Synthesis report for mips-project
Thu Oct 29 18:40:52 2020
Quartus Prime Version 20.1.0 Build 711 06/05/2020 SJ Lite Edition


---------------------
; Table of Contents ;
---------------------
  1. Legal Notice
  2. Analysis & Synthesis Summary
  3. Analysis & Synthesis Settings
  4. Parallel Compilation
  5. Analysis & Synthesis Source Files Read
  6. Analysis & Synthesis Resource Usage Summary
  7. Analysis & Synthesis Resource Utilization by Entity
  8. General Register Statistics
  9. Parameter Settings for User Entity Instance: Top-level Entity: |mips_project
 10. Parameter Settings for User Entity Instance: unidade_controle:unidade_controle
 11. Parameter Settings for User Entity Instance: fluxo_dados:FD
 12. Parameter Settings for User Entity Instance: fluxo_dados:FD|registrador_generico:PC
 13. Parameter Settings for User Entity Instance: fluxo_dados:FD|mux_generico_2x1:MuxProxPC
 14. Parameter Settings for User Entity Instance: fluxo_dados:FD|soma_constante:somaUm
 15. Parameter Settings for User Entity Instance: fluxo_dados:FD|rom_mips:ROM
 16. Parameter Settings for User Entity Instance: fluxo_dados:FD|banco_registradores:banco_registradores
 17. Parameter Settings for User Entity Instance: fluxo_dados:FD|ula:ula
 18. Port Connectivity Checks: "fluxo_dados:FD|rom_mips:ROM"
 19. Port Connectivity Checks: "fluxo_dados:FD|mux_generico_2x1:MuxProxPC"
 20. Port Connectivity Checks: "fluxo_dados:FD|registrador_generico:PC"
 21. Port Connectivity Checks: "fluxo_dados:FD"
 22. Post-Synthesis Netlist Statistics for Top Partition
 23. Elapsed Time Per Partition
 24. Analysis & Synthesis Messages



----------------
; Legal Notice ;
----------------
Copyright (C) 2020  Intel Corporation. All rights reserved.
Your use of Intel Corporation's design tools, logic functions 
and other software and tools, and any partner logic 
functions, and any output files from any of the foregoing 
(including device programming or simulation files), and any 
associated documentation or information are expressly subject 
to the terms and conditions of the Intel Program License 
Subscription Agreement, the Intel Quartus Prime License Agreement,
the Intel FPGA IP License Agreement, or other applicable license
agreement, including, without limitation, that your use is for
the sole purpose of programming logic devices manufactured by
Intel and sold by Intel or its authorized distributors.  Please
refer to the applicable agreement for further details, at
https://fpgasoftware.intel.com/eula.



+-------------------------------------------------------------------------------+
; Analysis & Synthesis Summary                                                  ;
+---------------------------------+---------------------------------------------+
; Analysis & Synthesis Status     ; Successful - Thu Oct 29 18:40:52 2020       ;
; Quartus Prime Version           ; 20.1.0 Build 711 06/05/2020 SJ Lite Edition ;
; Revision Name                   ; mips-project                                ;
; Top-level Entity Name           ; mips_project                                ;
; Family                          ; Cyclone V                                   ;
; Logic utilization (in ALMs)     ; N/A                                         ;
; Total registers                 ; 0                                           ;
; Total pins                      ; 68                                          ;
; Total virtual pins              ; 0                                           ;
; Total block memory bits         ; 0                                           ;
; Total DSP Blocks                ; 0                                           ;
; Total HSSI RX PCSs              ; 0                                           ;
; Total HSSI PMA RX Deserializers ; 0                                           ;
; Total HSSI TX PCSs              ; 0                                           ;
; Total HSSI PMA TX Serializers   ; 0                                           ;
; Total PLLs                      ; 0                                           ;
; Total DLLs                      ; 0                                           ;
+---------------------------------+---------------------------------------------+


+---------------------------------------------------------------------------------------------------------------------------+
; Analysis & Synthesis Settings                                                                                             ;
+---------------------------------------------------------------------------------+--------------------+--------------------+
; Option                                                                          ; Setting            ; Default Value      ;
+---------------------------------------------------------------------------------+--------------------+--------------------+
; Device                                                                          ; 5CGXFC7C7F23C8     ;                    ;
; Top-level entity name                                                           ; mips_project       ; mips-project       ;
; Family name                                                                     ; Cyclone V          ; Cyclone V          ;
; VHDL Show LMF Mapping Messages                                                  ; Off                ;                    ;
; VHDL Version                                                                    ; VHDL_2008          ; VHDL_1993          ;
; Use smart compilation                                                           ; Off                ; Off                ;
; Enable parallel Assembler and Timing Analyzer during compilation                ; On                 ; On                 ;
; Enable compact report table                                                     ; Off                ; Off                ;
; Restructure Multiplexers                                                        ; Auto               ; Auto               ;
; MLAB Add Timing Constraints For Mixed-Port Feed-Through Mode Setting Don't Care ; Off                ; Off                ;
; Create Debugging Nodes for IP Cores                                             ; Off                ; Off                ;
; Preserve fewer node names                                                       ; On                 ; On                 ;
; Intel FPGA IP Evaluation Mode                                                   ; Enable             ; Enable             ;
; Verilog Version                                                                 ; Verilog_2001       ; Verilog_2001       ;
; State Machine Processing                                                        ; Auto               ; Auto               ;
; Safe State Machine                                                              ; Off                ; Off                ;
; Extract Verilog State Machines                                                  ; On                 ; On                 ;
; Extract VHDL State Machines                                                     ; On                 ; On                 ;
; Ignore Verilog initial constructs                                               ; Off                ; Off                ;
; Iteration limit for constant Verilog loops                                      ; 5000               ; 5000               ;
; Iteration limit for non-constant Verilog loops                                  ; 250                ; 250                ;
; Add Pass-Through Logic to Inferred RAMs                                         ; On                 ; On                 ;
; Infer RAMs from Raw Logic                                                       ; On                 ; On                 ;
; Parallel Synthesis                                                              ; On                 ; On                 ;
; DSP Block Balancing                                                             ; Auto               ; Auto               ;
; NOT Gate Push-Back                                                              ; On                 ; On                 ;
; Power-Up Don't Care                                                             ; On                 ; On                 ;
; Remove Redundant Logic Cells                                                    ; Off                ; Off                ;
; Remove Duplicate Registers                                                      ; On                 ; On                 ;
; Ignore CARRY Buffers                                                            ; Off                ; Off                ;
; Ignore CASCADE Buffers                                                          ; Off                ; Off                ;
; Ignore GLOBAL Buffers                                                           ; Off                ; Off                ;
; Ignore ROW GLOBAL Buffers                                                       ; Off                ; Off                ;
; Ignore LCELL Buffers                                                            ; Off                ; Off                ;
; Ignore SOFT Buffers                                                             ; On                 ; On                 ;
; Limit AHDL Integers to 32 Bits                                                  ; Off                ; Off                ;
; Optimization Technique                                                          ; Balanced           ; Balanced           ;
; Carry Chain Length                                                              ; 70                 ; 70                 ;
; Auto Carry Chains                                                               ; On                 ; On                 ;
; Auto Open-Drain Pins                                                            ; On                 ; On                 ;
; Perform WYSIWYG Primitive Resynthesis                                           ; Off                ; Off                ;
; Auto ROM Replacement                                                            ; On                 ; On                 ;
; Auto RAM Replacement                                                            ; On                 ; On                 ;
; Auto DSP Block Replacement                                                      ; On                 ; On                 ;
; Auto Shift Register Replacement                                                 ; Auto               ; Auto               ;
; Allow Shift Register Merging across Hierarchies                                 ; Auto               ; Auto               ;
; Auto Clock Enable Replacement                                                   ; On                 ; On                 ;
; Strict RAM Replacement                                                          ; Off                ; Off                ;
; Allow Synchronous Control Signals                                               ; On                 ; On                 ;
; Force Use of Synchronous Clear Signals                                          ; Off                ; Off                ;
; Auto Resource Sharing                                                           ; Off                ; Off                ;
; Allow Any RAM Size For Recognition                                              ; Off                ; Off                ;
; Allow Any ROM Size For Recognition                                              ; Off                ; Off                ;
; Allow Any Shift Register Size For Recognition                                   ; Off                ; Off                ;
; Use LogicLock Constraints during Resource Balancing                             ; On                 ; On                 ;
; Ignore translate_off and synthesis_off directives                               ; Off                ; Off                ;
; Timing-Driven Synthesis                                                         ; On                 ; On                 ;
; Report Parameter Settings                                                       ; On                 ; On                 ;
; Report Source Assignments                                                       ; On                 ; On                 ;
; Report Connectivity Checks                                                      ; On                 ; On                 ;
; Ignore Maximum Fan-Out Assignments                                              ; Off                ; Off                ;
; Synchronization Register Chain Length                                           ; 3                  ; 3                  ;
; Power Optimization During Synthesis                                             ; Normal compilation ; Normal compilation ;
; HDL message level                                                               ; Level2             ; Level2             ;
; Suppress Register Optimization Related Messages                                 ; Off                ; Off                ;
; Number of Removed Registers Reported in Synthesis Report                        ; 5000               ; 5000               ;
; Number of Swept Nodes Reported in Synthesis Report                              ; 5000               ; 5000               ;
; Number of Inverted Registers Reported in Synthesis Report                       ; 100                ; 100                ;
; Clock MUX Protection                                                            ; On                 ; On                 ;
; Auto Gated Clock Conversion                                                     ; Off                ; Off                ;
; Block Design Naming                                                             ; Auto               ; Auto               ;
; SDC constraint protection                                                       ; Off                ; Off                ;
; Synthesis Effort                                                                ; Auto               ; Auto               ;
; Shift Register Replacement - Allow Asynchronous Clear Signal                    ; On                 ; On                 ;
; Pre-Mapping Resynthesis Optimization                                            ; Off                ; Off                ;
; Analysis & Synthesis Message Level                                              ; Medium             ; Medium             ;
; Disable Register Merging Across Hierarchies                                     ; Auto               ; Auto               ;
; Resource Aware Inference For Block RAM                                          ; On                 ; On                 ;
; Automatic Parallel Synthesis                                                    ; On                 ; On                 ;
; Partial Reconfiguration Bitstream ID                                            ; Off                ; Off                ;
+---------------------------------------------------------------------------------+--------------------+--------------------+


+------------------------------------------+
; Parallel Compilation                     ;
+----------------------------+-------------+
; Processors                 ; Number      ;
+----------------------------+-------------+
; Number detected on machine ; 8           ;
; Maximum allowed            ; 8           ;
;                            ;             ;
; Average used               ; 1.00        ;
; Maximum used               ; 1           ;
;                            ;             ;
; Usage by Processor         ; % Time Used ;
;     Processor 1            ; 100.0%      ;
+----------------------------+-------------+


+---------------------------------------------------------------------------------------------------------------------------------------------------+
; Analysis & Synthesis Source Files Read                                                                                                            ;
+----------------------------------+-----------------+-----------------+------------------------------------------------------------------+---------+
; File Name with User-Entered Path ; Used in Netlist ; File Type       ; File Name with Absolute Path                                     ; Library ;
+----------------------------------+-----------------+-----------------+------------------------------------------------------------------+---------+
; mips_project.vhd                 ; yes             ; User VHDL File  ; /home/gabrielzezze/Desktop/mips-project/mips_project.vhd         ;         ;
; soma_constante.vhd               ; yes             ; User VHDL File  ; /home/gabrielzezze/Desktop/mips-project/soma_constante.vhd       ;         ;
; registrador_generico.vhd         ; yes             ; User VHDL File  ; /home/gabrielzezze/Desktop/mips-project/registrador_generico.vhd ;         ;
; rom_mips.vhd                     ; yes             ; User VHDL File  ; /home/gabrielzezze/Desktop/mips-project/rom_mips.vhd             ;         ;
; banco_registradores.vhd          ; yes             ; User VHDL File  ; /home/gabrielzezze/Desktop/mips-project/banco_registradores.vhd  ;         ;
; mux_generico_2x1.vhd             ; yes             ; User VHDL File  ; /home/gabrielzezze/Desktop/mips-project/mux_generico_2x1.vhd     ;         ;
; unidade_controle.vhd             ; yes             ; User VHDL File  ; /home/gabrielzezze/Desktop/mips-project/unidade_controle.vhd     ;         ;
; ula.vhd                          ; yes             ; User VHDL File  ; /home/gabrielzezze/Desktop/mips-project/ula.vhd                  ;         ;
; fluxo_dados.vhd                  ; yes             ; User VHDL File  ; /home/gabrielzezze/Desktop/mips-project/fluxo_dados.vhd          ;         ;
+----------------------------------+-----------------+-----------------+------------------------------------------------------------------+---------+


+--------------------------------------------------------+
; Analysis & Synthesis Resource Usage Summary            ;
+---------------------------------------------+----------+
; Resource                                    ; Usage    ;
+---------------------------------------------+----------+
; Estimate of Logic utilization (ALMs needed) ; 0        ;
;                                             ;          ;
; Combinational ALUT usage for logic          ; 0        ;
;     -- 7 input functions                    ; 0        ;
;     -- 6 input functions                    ; 0        ;
;     -- 5 input functions                    ; 0        ;
;     -- 4 input functions                    ; 0        ;
;     -- <=3 input functions                  ; 0        ;
;                                             ;          ;
; Dedicated logic registers                   ; 0        ;
;                                             ;          ;
; I/O pins                                    ; 68       ;
;                                             ;          ;
; Total DSP Blocks                            ; 0        ;
;                                             ;          ;
; Maximum fan-out node                        ; CLOCK_50 ;
; Maximum fan-out                             ; 1        ;
; Total fan-out                               ; 68       ;
; Average fan-out                             ; 0.50     ;
+---------------------------------------------+----------+


+-----------------------------------------------------------------------------------------------------------------------------------------------------------------------------------------+
; Analysis & Synthesis Resource Utilization by Entity                                                                                                                                     ;
+----------------------------+---------------------+---------------------------+-------------------+------------+------+--------------+---------------------+--------------+--------------+
; Compilation Hierarchy Node ; Combinational ALUTs ; Dedicated Logic Registers ; Block Memory Bits ; DSP Blocks ; Pins ; Virtual Pins ; Full Hierarchy Name ; Entity Name  ; Library Name ;
+----------------------------+---------------------+---------------------------+-------------------+------------+------+--------------+---------------------+--------------+--------------+
; |mips_project              ; 0 (0)               ; 0 (0)                     ; 0                 ; 0          ; 68   ; 0            ; |mips_project       ; mips_project ; work         ;
+----------------------------+---------------------+---------------------------+-------------------+------------+------+--------------+---------------------+--------------+--------------+
Note: For table entries with two numbers listed, the numbers in parentheses indicate the number of resources of the given type used by the specific entity alone. The numbers listed outside of parentheses indicate the total resources of the given type used by the specific entity and all of its sub-entities in the hierarchy.


+------------------------------------------------------+
; General Register Statistics                          ;
+----------------------------------------------+-------+
; Statistic                                    ; Value ;
+----------------------------------------------+-------+
; Total registers                              ; 0     ;
; Number of registers using Synchronous Clear  ; 0     ;
; Number of registers using Synchronous Load   ; 0     ;
; Number of registers using Asynchronous Clear ; 0     ;
; Number of registers using Asynchronous Load  ; 0     ;
; Number of registers using Clock Enable       ; 0     ;
; Number of registers using Preset             ; 0     ;
+----------------------------------------------+-------+


+------------------------------------------------------------------------------+
; Parameter Settings for User Entity Instance: Top-level Entity: |mips_project ;
+------------------------+-------+---------------------------------------------+
; Parameter Name         ; Value ; Type                                        ;
+------------------------+-------+---------------------------------------------+
; DATA_WIDTH             ; 16    ; Signed Integer                              ;
; ADDR_WIDTH             ; 26    ; Signed Integer                              ;
; TOTAL_WIDTH            ; 32    ; Signed Integer                              ;
; PALAVRA_CONTROLE_WIDTH ; 7     ; Signed Integer                              ;
+------------------------+-------+---------------------------------------------+
Note: In order to hide this table in the UI and the text report file, please set the "Show Parameter Settings in Synthesis Report" option in "Analysis and Synthesis Settings -> More Settings" to "Off".


+--------------------------------------------------------------------------------+
; Parameter Settings for User Entity Instance: unidade_controle:unidade_controle ;
+------------------------+-------+-----------------------------------------------+
; Parameter Name         ; Value ; Type                                          ;
+------------------------+-------+-----------------------------------------------+
; palavra_controle_width ; 7     ; Signed Integer                                ;
+------------------------+-------+-----------------------------------------------+
Note: In order to hide this table in the UI and the text report file, please set the "Show Parameter Settings in Synthesis Report" option in "Analysis and Synthesis Settings -> More Settings" to "Off".


+-------------------------------------------------------------+
; Parameter Settings for User Entity Instance: fluxo_dados:FD ;
+------------------------+-------+----------------------------+
; Parameter Name         ; Value ; Type                       ;
+------------------------+-------+----------------------------+
; data_width             ; 16    ; Signed Integer             ;
; addr_width             ; 26    ; Signed Integer             ;
; total_width            ; 32    ; Signed Integer             ;
; reg_width              ; 5     ; Signed Integer             ;
; palavra_controle_width ; 7     ; Signed Integer             ;
+------------------------+-------+----------------------------+
Note: In order to hide this table in the UI and the text report file, please set the "Show Parameter Settings in Synthesis Report" option in "Analysis and Synthesis Settings -> More Settings" to "Off".


+-------------------------------------------------------------------------------------+
; Parameter Settings for User Entity Instance: fluxo_dados:FD|registrador_generico:PC ;
+----------------+-------+------------------------------------------------------------+
; Parameter Name ; Value ; Type                                                       ;
+----------------+-------+------------------------------------------------------------+
; larguradados   ; 26    ; Signed Integer                                             ;
+----------------+-------+------------------------------------------------------------+
Note: In order to hide this table in the UI and the text report file, please set the "Show Parameter Settings in Synthesis Report" option in "Analysis and Synthesis Settings -> More Settings" to "Off".


+----------------------------------------------------------------------------------------+
; Parameter Settings for User Entity Instance: fluxo_dados:FD|mux_generico_2x1:MuxProxPC ;
+----------------+-------+---------------------------------------------------------------+
; Parameter Name ; Value ; Type                                                          ;
+----------------+-------+---------------------------------------------------------------+
; larguradados   ; 26    ; Signed Integer                                                ;
+----------------+-------+---------------------------------------------------------------+
Note: In order to hide this table in the UI and the text report file, please set the "Show Parameter Settings in Synthesis Report" option in "Analysis and Synthesis Settings -> More Settings" to "Off".


+-----------------------------------------------------------------------------------+
; Parameter Settings for User Entity Instance: fluxo_dados:FD|soma_constante:somaUm ;
+----------------+-------+----------------------------------------------------------+
; Parameter Name ; Value ; Type                                                     ;
+----------------+-------+----------------------------------------------------------+
; larguradados   ; 26    ; Signed Integer                                           ;
; constante      ; 4     ; Signed Integer                                           ;
+----------------+-------+----------------------------------------------------------+
Note: In order to hide this table in the UI and the text report file, please set the "Show Parameter Settings in Synthesis Report" option in "Analysis and Synthesis Settings -> More Settings" to "Off".


+--------------------------------------------------------------------------+
; Parameter Settings for User Entity Instance: fluxo_dados:FD|rom_mips:ROM ;
+-----------------+-------+------------------------------------------------+
; Parameter Name  ; Value ; Type                                           ;
+-----------------+-------+------------------------------------------------+
; datawidth       ; 32    ; Signed Integer                                 ;
; addrwidth       ; 26    ; Signed Integer                                 ;
; memoryaddrwidth ; 6     ; Signed Integer                                 ;
+-----------------+-------+------------------------------------------------+
Note: In order to hide this table in the UI and the text report file, please set the "Show Parameter Settings in Synthesis Report" option in "Analysis and Synthesis Settings -> More Settings" to "Off".


+-----------------------------------------------------------------------------------------------------+
; Parameter Settings for User Entity Instance: fluxo_dados:FD|banco_registradores:banco_registradores ;
+---------------------+-------+-----------------------------------------------------------------------+
; Parameter Name      ; Value ; Type                                                                  ;
+---------------------+-------+-----------------------------------------------------------------------+
; larguradados        ; 16    ; Signed Integer                                                        ;
; larguraendbancoregs ; 5     ; Signed Integer                                                        ;
+---------------------+-------+-----------------------------------------------------------------------+
Note: In order to hide this table in the UI and the text report file, please set the "Show Parameter Settings in Synthesis Report" option in "Analysis and Synthesis Settings -> More Settings" to "Off".


+---------------------------------------------------------------------+
; Parameter Settings for User Entity Instance: fluxo_dados:FD|ula:ula ;
+----------------+-------+--------------------------------------------+
; Parameter Name ; Value ; Type                                       ;
+----------------+-------+--------------------------------------------+
; larguradados   ; 16    ; Signed Integer                             ;
+----------------+-------+--------------------------------------------+
Note: In order to hide this table in the UI and the text report file, please set the "Show Parameter Settings in Synthesis Report" option in "Analysis and Synthesis Settings -> More Settings" to "Off".


+-----------------------------------------------------------------------------------------------------------------------+
; Port Connectivity Checks: "fluxo_dados:FD|rom_mips:ROM"                                                               ;
+-------------+--------+----------+-------------------------------------------------------------------------------------+
; Port        ; Type   ; Severity ; Details                                                                             ;
+-------------+--------+----------+-------------------------------------------------------------------------------------+
; dado[10..0] ; Output ; Info     ; Connected to dangling logic. Logic that only feeds a dangling port will be removed. ;
+-------------+--------+----------+-------------------------------------------------------------------------------------+


+-----------------------------------------------------------------------+
; Port Connectivity Checks: "fluxo_dados:FD|mux_generico_2x1:MuxProxPC" ;
+--------------+-------+----------+-------------------------------------+
; Port         ; Type  ; Severity ; Details                             ;
+--------------+-------+----------+-------------------------------------+
; entradab_mux ; Input ; Info     ; Stuck at GND                        ;
; seletor_mux  ; Input ; Info     ; Stuck at GND                        ;
+--------------+-------+----------+-------------------------------------+


+--------------------------------------------------------------------+
; Port Connectivity Checks: "fluxo_dados:FD|registrador_generico:PC" ;
+--------+-------+----------+----------------------------------------+
; Port   ; Type  ; Severity ; Details                                ;
+--------+-------+----------+----------------------------------------+
; enable ; Input ; Info     ; Stuck at VCC                           ;
; rst    ; Input ; Info     ; Stuck at GND                           ;
+--------+-------+----------+----------------------------------------+


+-------------------------------------------------------------------------------------------------------------------------+
; Port Connectivity Checks: "fluxo_dados:FD"                                                                              ;
+---------------+--------+----------+-------------------------------------------------------------------------------------+
; Port          ; Type   ; Severity ; Details                                                                             ;
+---------------+--------+----------+-------------------------------------------------------------------------------------+
; flag_zero_out ; Output ; Info     ; Connected to dangling logic. Logic that only feeds a dangling port will be removed. ;
+---------------+--------+----------+-------------------------------------------------------------------------------------+


+-----------------------------------------------------+
; Post-Synthesis Netlist Statistics for Top Partition ;
+-----------------------+-----------------------------+
; Type                  ; Count                       ;
+-----------------------+-----------------------------+
; arriav_lcell_comb     ; 1                           ;
;     normal            ; 1                           ;
;         0 data inputs ; 1                           ;
; boundary_port         ; 68                          ;
;                       ;                             ;
; Max LUT depth         ; 0.00                        ;
; Average LUT depth     ; 0.00                        ;
+-----------------------+-----------------------------+


+-------------------------------+
; Elapsed Time Per Partition    ;
+----------------+--------------+
; Partition Name ; Elapsed Time ;
+----------------+--------------+
; Top            ; 00:00:00     ;
+----------------+--------------+


+-------------------------------+
; Analysis & Synthesis Messages ;
+-------------------------------+
Info: *******************************************************************
Info: Running Quartus Prime Analysis & Synthesis
    Info: Version 20.1.0 Build 711 06/05/2020 SJ Lite Edition
    Info: Processing started: Thu Oct 29 18:40:38 2020
Info: Command: quartus_map --read_settings_files=on --write_settings_files=off mips-project -c mips-project
Warning (18236): Number of processors has not been specified which may cause overloading on shared machines.  Set the global assignment NUM_PARALLEL_PROCESSORS in your QSF to an appropriate value for best performance.
Info (20030): Parallel compilation is enabled and will use 8 of the 8 processors detected
Info (12021): Found 2 design units, including 1 entities, in source file mips_project.vhd
    Info (12022): Found design unit 1: mips_project-main File: /home/gabrielzezze/Desktop/mips-project/mips_project.vhd Line: 49
    Info (12023): Found entity 1: mips_project File: /home/gabrielzezze/Desktop/mips-project/mips_project.vhd Line: 5
Info (12021): Found 2 design units, including 1 entities, in source file soma_constante.vhd
    Info (12022): Found design unit 1: soma_constante-comportamento File: /home/gabrielzezze/Desktop/mips-project/soma_constante.vhd Line: 18
    Info (12023): Found entity 1: soma_constante File: /home/gabrielzezze/Desktop/mips-project/soma_constante.vhd Line: 5
Info (12021): Found 2 design units, including 1 entities, in source file registrador_generico.vhd
    Info (12022): Found design unit 1: registrador_generico-comportamento File: /home/gabrielzezze/Desktop/mips-project/registrador_generico.vhd Line: 18
    Info (12023): Found entity 1: registrador_generico File: /home/gabrielzezze/Desktop/mips-project/registrador_generico.vhd Line: 4
Info (12021): Found 2 design units, including 1 entities, in source file rom_mips.vhd
    Info (12022): Found design unit 1: rom_mips-assincrona File: /home/gabrielzezze/Desktop/mips-project/rom_mips.vhd Line: 20
    Info (12023): Found entity 1: rom_mips File: /home/gabrielzezze/Desktop/mips-project/rom_mips.vhd Line: 5
Info (12021): Found 2 design units, including 1 entities, in source file banco_registradores.vhd
    Info (12022): Found design unit 1: banco_registradores-comportamento File: /home/gabrielzezze/Desktop/mips-project/banco_registradores.vhd Line: 23
    Info (12023): Found entity 1: banco_registradores File: /home/gabrielzezze/Desktop/mips-project/banco_registradores.vhd Line: 6
Info (12021): Found 2 design units, including 1 entities, in source file mux_generico_2x1.vhd
    Info (12022): Found design unit 1: mux_generico_2x1-comportamento File: /home/gabrielzezze/Desktop/mips-project/mux_generico_2x1.vhd Line: 15
    Info (12023): Found entity 1: mux_generico_2x1 File: /home/gabrielzezze/Desktop/mips-project/mux_generico_2x1.vhd Line: 4
Info (12021): Found 2 design units, including 1 entities, in source file flip_flop.vhd
    Info (12022): Found design unit 1: flip_flop-comportamento File: /home/gabrielzezze/Desktop/mips-project/flip_flop.vhd Line: 12
    Info (12023): Found entity 1: flip_flop File: /home/gabrielzezze/Desktop/mips-project/flip_flop.vhd Line: 4
Info (12021): Found 2 design units, including 1 entities, in source file unidade_controle.vhd
    Info (12022): Found design unit 1: unidade_controle-main File: /home/gabrielzezze/Desktop/mips-project/unidade_controle.vhd Line: 30
    Info (12023): Found entity 1: unidade_controle File: /home/gabrielzezze/Desktop/mips-project/unidade_controle.vhd Line: 5
Info (12021): Found 2 design units, including 1 entities, in source file ula.vhd
    Info (12022): Found design unit 1: ula-comportamento File: /home/gabrielzezze/Desktop/mips-project/ula.vhd Line: 21
    Info (12023): Found entity 1: ula File: /home/gabrielzezze/Desktop/mips-project/ula.vhd Line: 5
Info (12021): Found 2 design units, including 1 entities, in source file fluxo_dados.vhd
    Info (12022): Found design unit 1: fluxo_dados-main File: /home/gabrielzezze/Desktop/mips-project/fluxo_dados.vhd Line: 26
    Info (12023): Found entity 1: fluxo_dados File: /home/gabrielzezze/Desktop/mips-project/fluxo_dados.vhd Line: 5
Info (12127): Elaborating entity "mips_project" for the top level hierarchy
Warning (10541): VHDL Signal Declaration warning at mips_project.vhd(39): used implicit default value for signal "LEDR" because signal was never assigned a value or an explicit default value. Use of implicit default value may introduce unintended design optimizations. File: /home/gabrielzezze/Desktop/mips-project/mips_project.vhd Line: 39
Warning (10541): VHDL Signal Declaration warning at mips_project.vhd(43): used implicit default value for signal "HEX0" because signal was never assigned a value or an explicit default value. Use of implicit default value may introduce unintended design optimizations. File: /home/gabrielzezze/Desktop/mips-project/mips_project.vhd Line: 43
Warning (10541): VHDL Signal Declaration warning at mips_project.vhd(43): used implicit default value for signal "HEX1" because signal was never assigned a value or an explicit default value. Use of implicit default value may introduce unintended design optimizations. File: /home/gabrielzezze/Desktop/mips-project/mips_project.vhd Line: 43
Warning (10541): VHDL Signal Declaration warning at mips_project.vhd(43): used implicit default value for signal "HEX2" because signal was never assigned a value or an explicit default value. Use of implicit default value may introduce unintended design optimizations. File: /home/gabrielzezze/Desktop/mips-project/mips_project.vhd Line: 43
Warning (10541): VHDL Signal Declaration warning at mips_project.vhd(43): used implicit default value for signal "HEX3" because signal was never assigned a value or an explicit default value. Use of implicit default value may introduce unintended design optimizations. File: /home/gabrielzezze/Desktop/mips-project/mips_project.vhd Line: 43
Warning (10541): VHDL Signal Declaration warning at mips_project.vhd(43): used implicit default value for signal "HEX4" because signal was never assigned a value or an explicit default value. Use of implicit default value may introduce unintended design optimizations. File: /home/gabrielzezze/Desktop/mips-project/mips_project.vhd Line: 43
Warning (10541): VHDL Signal Declaration warning at mips_project.vhd(43): used implicit default value for signal "HEX5" because signal was never assigned a value or an explicit default value. Use of implicit default value may introduce unintended design optimizations. File: /home/gabrielzezze/Desktop/mips-project/mips_project.vhd Line: 43
Warning (10541): VHDL Signal Declaration warning at mips_project.vhd(52): used implicit default value for signal "funct" because signal was never assigned a value or an explicit default value. Use of implicit default value may introduce unintended design optimizations. File: /home/gabrielzezze/Desktop/mips-project/mips_project.vhd Line: 52
Info (12128): Elaborating entity "unidade_controle" for hierarchy "unidade_controle:unidade_controle" File: /home/gabrielzezze/Desktop/mips-project/mips_project.vhd Line: 57
Info (12128): Elaborating entity "fluxo_dados" for hierarchy "fluxo_dados:FD" File: /home/gabrielzezze/Desktop/mips-project/mips_project.vhd Line: 69
Warning (10541): VHDL Signal Declaration warning at fluxo_dados.vhd(18): used implicit default value for signal "flag_zero_out" because signal was never assigned a value or an explicit default value. Use of implicit default value may introduce unintended design optimizations. File: /home/gabrielzezze/Desktop/mips-project/fluxo_dados.vhd Line: 18
Info (12128): Elaborating entity "registrador_generico" for hierarchy "fluxo_dados:FD|registrador_generico:PC" File: /home/gabrielzezze/Desktop/mips-project/fluxo_dados.vhd Line: 45
Info (12128): Elaborating entity "mux_generico_2x1" for hierarchy "fluxo_dados:FD|mux_generico_2x1:MuxProxPC" File: /home/gabrielzezze/Desktop/mips-project/fluxo_dados.vhd Line: 57
Info (12128): Elaborating entity "soma_constante" for hierarchy "fluxo_dados:FD|soma_constante:somaUm" File: /home/gabrielzezze/Desktop/mips-project/fluxo_dados.vhd Line: 68
Info (12128): Elaborating entity "rom_mips" for hierarchy "fluxo_dados:FD|rom_mips:ROM" File: /home/gabrielzezze/Desktop/mips-project/fluxo_dados.vhd Line: 78
Warning (10541): VHDL Signal Declaration warning at rom_mips.vhd(24): used implicit default value for signal "memROM" because signal was never assigned a value or an explicit default value. Use of implicit default value may introduce unintended design optimizations. File: /home/gabrielzezze/Desktop/mips-project/rom_mips.vhd Line: 24
Info (12128): Elaborating entity "banco_registradores" for hierarchy "fluxo_dados:FD|banco_registradores:banco_registradores" File: /home/gabrielzezze/Desktop/mips-project/fluxo_dados.vhd Line: 90
Info (12128): Elaborating entity "ula" for hierarchy "fluxo_dados:FD|ula:ula" File: /home/gabrielzezze/Desktop/mips-project/fluxo_dados.vhd Line: 107
Warning (13024): Output pins are stuck at VCC or GND
    Warning (13410): Pin "LEDR[0]" is stuck at GND File: /home/gabrielzezze/Desktop/mips-project/mips_project.vhd Line: 39
    Warning (13410): Pin "LEDR[1]" is stuck at GND File: /home/gabrielzezze/Desktop/mips-project/mips_project.vhd Line: 39
    Warning (13410): Pin "LEDR[2]" is stuck at GND File: /home/gabrielzezze/Desktop/mips-project/mips_project.vhd Line: 39
    Warning (13410): Pin "LEDR[3]" is stuck at GND File: /home/gabrielzezze/Desktop/mips-project/mips_project.vhd Line: 39
    Warning (13410): Pin "LEDR[4]" is stuck at GND File: /home/gabrielzezze/Desktop/mips-project/mips_project.vhd Line: 39
    Warning (13410): Pin "LEDR[5]" is stuck at GND File: /home/gabrielzezze/Desktop/mips-project/mips_project.vhd Line: 39
    Warning (13410): Pin "LEDR[6]" is stuck at GND File: /home/gabrielzezze/Desktop/mips-project/mips_project.vhd Line: 39
    Warning (13410): Pin "LEDR[7]" is stuck at GND File: /home/gabrielzezze/Desktop/mips-project/mips_project.vhd Line: 39
    Warning (13410): Pin "LEDR[8]" is stuck at GND File: /home/gabrielzezze/Desktop/mips-project/mips_project.vhd Line: 39
    Warning (13410): Pin "LEDR[9]" is stuck at GND File: /home/gabrielzezze/Desktop/mips-project/mips_project.vhd Line: 39
    Warning (13410): Pin "HEX0[0]" is stuck at GND File: /home/gabrielzezze/Desktop/mips-project/mips_project.vhd Line: 43
    Warning (13410): Pin "HEX0[1]" is stuck at GND File: /home/gabrielzezze/Desktop/mips-project/mips_project.vhd Line: 43
    Warning (13410): Pin "HEX0[2]" is stuck at GND File: /home/gabrielzezze/Desktop/mips-project/mips_project.vhd Line: 43
    Warning (13410): Pin "HEX0[3]" is stuck at GND File: /home/gabrielzezze/Desktop/mips-project/mips_project.vhd Line: 43
    Warning (13410): Pin "HEX0[4]" is stuck at GND File: /home/gabrielzezze/Desktop/mips-project/mips_project.vhd Line: 43
    Warning (13410): Pin "HEX0[5]" is stuck at GND File: /home/gabrielzezze/Desktop/mips-project/mips_project.vhd Line: 43
    Warning (13410): Pin "HEX0[6]" is stuck at GND File: /home/gabrielzezze/Desktop/mips-project/mips_project.vhd Line: 43
    Warning (13410): Pin "HEX1[0]" is stuck at GND File: /home/gabrielzezze/Desktop/mips-project/mips_project.vhd Line: 43
    Warning (13410): Pin "HEX1[1]" is stuck at GND File: /home/gabrielzezze/Desktop/mips-project/mips_project.vhd Line: 43
    Warning (13410): Pin "HEX1[2]" is stuck at GND File: /home/gabrielzezze/Desktop/mips-project/mips_project.vhd Line: 43
    Warning (13410): Pin "HEX1[3]" is stuck at GND File: /home/gabrielzezze/Desktop/mips-project/mips_project.vhd Line: 43
    Warning (13410): Pin "HEX1[4]" is stuck at GND File: /home/gabrielzezze/Desktop/mips-project/mips_project.vhd Line: 43
    Warning (13410): Pin "HEX1[5]" is stuck at GND File: /home/gabrielzezze/Desktop/mips-project/mips_project.vhd Line: 43
    Warning (13410): Pin "HEX1[6]" is stuck at GND File: /home/gabrielzezze/Desktop/mips-project/mips_project.vhd Line: 43
    Warning (13410): Pin "HEX2[0]" is stuck at GND File: /home/gabrielzezze/Desktop/mips-project/mips_project.vhd Line: 43
    Warning (13410): Pin "HEX2[1]" is stuck at GND File: /home/gabrielzezze/Desktop/mips-project/mips_project.vhd Line: 43
    Warning (13410): Pin "HEX2[2]" is stuck at GND File: /home/gabrielzezze/Desktop/mips-project/mips_project.vhd Line: 43
    Warning (13410): Pin "HEX2[3]" is stuck at GND File: /home/gabrielzezze/Desktop/mips-project/mips_project.vhd Line: 43
    Warning (13410): Pin "HEX2[4]" is stuck at GND File: /home/gabrielzezze/Desktop/mips-project/mips_project.vhd Line: 43
    Warning (13410): Pin "HEX2[5]" is stuck at GND File: /home/gabrielzezze/Desktop/mips-project/mips_project.vhd Line: 43
    Warning (13410): Pin "HEX2[6]" is stuck at GND File: /home/gabrielzezze/Desktop/mips-project/mips_project.vhd Line: 43
    Warning (13410): Pin "HEX3[0]" is stuck at GND File: /home/gabrielzezze/Desktop/mips-project/mips_project.vhd Line: 43
    Warning (13410): Pin "HEX3[1]" is stuck at GND File: /home/gabrielzezze/Desktop/mips-project/mips_project.vhd Line: 43
    Warning (13410): Pin "HEX3[2]" is stuck at GND File: /home/gabrielzezze/Desktop/mips-project/mips_project.vhd Line: 43
    Warning (13410): Pin "HEX3[3]" is stuck at GND File: /home/gabrielzezze/Desktop/mips-project/mips_project.vhd Line: 43
    Warning (13410): Pin "HEX3[4]" is stuck at GND File: /home/gabrielzezze/Desktop/mips-project/mips_project.vhd Line: 43
    Warning (13410): Pin "HEX3[5]" is stuck at GND File: /home/gabrielzezze/Desktop/mips-project/mips_project.vhd Line: 43
    Warning (13410): Pin "HEX3[6]" is stuck at GND File: /home/gabrielzezze/Desktop/mips-project/mips_project.vhd Line: 43
    Warning (13410): Pin "HEX4[0]" is stuck at GND File: /home/gabrielzezze/Desktop/mips-project/mips_project.vhd Line: 43
    Warning (13410): Pin "HEX4[1]" is stuck at GND File: /home/gabrielzezze/Desktop/mips-project/mips_project.vhd Line: 43
    Warning (13410): Pin "HEX4[2]" is stuck at GND File: /home/gabrielzezze/Desktop/mips-project/mips_project.vhd Line: 43
    Warning (13410): Pin "HEX4[3]" is stuck at GND File: /home/gabrielzezze/Desktop/mips-project/mips_project.vhd Line: 43
    Warning (13410): Pin "HEX4[4]" is stuck at GND File: /home/gabrielzezze/Desktop/mips-project/mips_project.vhd Line: 43
    Warning (13410): Pin "HEX4[5]" is stuck at GND File: /home/gabrielzezze/Desktop/mips-project/mips_project.vhd Line: 43
    Warning (13410): Pin "HEX4[6]" is stuck at GND File: /home/gabrielzezze/Desktop/mips-project/mips_project.vhd Line: 43
    Warning (13410): Pin "HEX5[0]" is stuck at GND File: /home/gabrielzezze/Desktop/mips-project/mips_project.vhd Line: 43
    Warning (13410): Pin "HEX5[1]" is stuck at GND File: /home/gabrielzezze/Desktop/mips-project/mips_project.vhd Line: 43
    Warning (13410): Pin "HEX5[2]" is stuck at GND File: /home/gabrielzezze/Desktop/mips-project/mips_project.vhd Line: 43
    Warning (13410): Pin "HEX5[3]" is stuck at GND File: /home/gabrielzezze/Desktop/mips-project/mips_project.vhd Line: 43
    Warning (13410): Pin "HEX5[4]" is stuck at GND File: /home/gabrielzezze/Desktop/mips-project/mips_project.vhd Line: 43
    Warning (13410): Pin "HEX5[5]" is stuck at GND File: /home/gabrielzezze/Desktop/mips-project/mips_project.vhd Line: 43
    Warning (13410): Pin "HEX5[6]" is stuck at GND File: /home/gabrielzezze/Desktop/mips-project/mips_project.vhd Line: 43
Info (16010): Generating hard_block partition "hard_block:auto_generated_inst"
    Info (16011): Adding 0 node(s), including 0 DDIO, 0 PLL, 0 transceiver and 0 LCELL
Warning (21074): Design contains 16 input pin(s) that do not drive logic
    Warning (15610): No output dependent on input pin "CLOCK_50" File: /home/gabrielzezze/Desktop/mips-project/mips_project.vhd Line: 27
    Warning (15610): No output dependent on input pin "SW[0]" File: /home/gabrielzezze/Desktop/mips-project/mips_project.vhd Line: 30
    Warning (15610): No output dependent on input pin "SW[1]" File: /home/gabrielzezze/Desktop/mips-project/mips_project.vhd Line: 30
    Warning (15610): No output dependent on input pin "SW[2]" File: /home/gabrielzezze/Desktop/mips-project/mips_project.vhd Line: 30
    Warning (15610): No output dependent on input pin "SW[3]" File: /home/gabrielzezze/Desktop/mips-project/mips_project.vhd Line: 30
    Warning (15610): No output dependent on input pin "SW[4]" File: /home/gabrielzezze/Desktop/mips-project/mips_project.vhd Line: 30
    Warning (15610): No output dependent on input pin "SW[5]" File: /home/gabrielzezze/Desktop/mips-project/mips_project.vhd Line: 30
    Warning (15610): No output dependent on input pin "SW[6]" File: /home/gabrielzezze/Desktop/mips-project/mips_project.vhd Line: 30
    Warning (15610): No output dependent on input pin "SW[7]" File: /home/gabrielzezze/Desktop/mips-project/mips_project.vhd Line: 30
    Warning (15610): No output dependent on input pin "SW[8]" File: /home/gabrielzezze/Desktop/mips-project/mips_project.vhd Line: 30
    Warning (15610): No output dependent on input pin "SW[9]" File: /home/gabrielzezze/Desktop/mips-project/mips_project.vhd Line: 30
    Warning (15610): No output dependent on input pin "KEY[0]" File: /home/gabrielzezze/Desktop/mips-project/mips_project.vhd Line: 32
    Warning (15610): No output dependent on input pin "KEY[1]" File: /home/gabrielzezze/Desktop/mips-project/mips_project.vhd Line: 32
    Warning (15610): No output dependent on input pin "KEY[2]" File: /home/gabrielzezze/Desktop/mips-project/mips_project.vhd Line: 32
    Warning (15610): No output dependent on input pin "KEY[3]" File: /home/gabrielzezze/Desktop/mips-project/mips_project.vhd Line: 32
    Warning (15610): No output dependent on input pin "FPGA_RESET_N" File: /home/gabrielzezze/Desktop/mips-project/mips_project.vhd Line: 34
Info (21057): Implemented 68 device resources after synthesis - the final resource count might be different
    Info (21058): Implemented 16 input pins
    Info (21059): Implemented 52 output pins
Info: Quartus Prime Analysis & Synthesis was successful. 0 errors, 81 warnings
    Info: Peak virtual memory: 518 megabytes
    Info: Processing ended: Thu Oct 29 18:40:52 2020
    Info: Elapsed time: 00:00:14
    Info: Total CPU time (on all processors): 00:00:37


